[37656:34184:1212/105501.471:INFO:components\enterprise\browser\controller\chrome_browser_cloud_management_controller.cc:206] No machine level policy manager exists.
[37656:34184:1212/105502.776:INFO:CONSOLE:0] "[DOM] Input elements should have autocomplete attributes (suggested: "username"): (More info: https://goo.gl/9p2vKq) %o", source: https://ionichealthb2c.b2clogin.com/ionichealthb2c.onmicrosoft.com/b2c_1_signin_ionichealthb2c_v2.4.0/oauth2/v2.0/authorize?client_id=725221cd-58a3-4bfd-9b60-b091c57b4a49&redirect_uri=https%3A%2F%2Fhomolog-v2-4-ncommand-lite.ionic.health%2Fsignin-oidc&response_type=code%20id_token&scope=openid%20profile&state=OpenIdConnect.AuthenticationProperties%3D6Kz6Bf92M7CKbbfiOuDJ6KrHkaNM8rSG5Ua6zLC_Mutq8NO8y_tFrxk1s3mClNSTXAA4r2Xxtp1ctpoBT6XJa3-uqkNEPtLljSRiynsDpHAOfimLWf8kFwMwWqR2RWd2nHxr_DmdPYYdx6IcWX6dtJOSuAhddhHnpoxebgopC0-IH6i0k6ckogKW39i-gp75K-G5KGRlYg_d6CdAYqvkGDzobuAjY5JIr7B0g7ZXZRDFzjxmCx912Y7tsNy5TuAapCNecABweDfrLJYVNKU2lw%26ui_locales%3Den-US&response_mode=form_post&nonce=639011445033573086.NDNhYmZiYjEtNGM0Ni00MWYyLWI3MzctODkzOWYxMDc2NDdkYWE5NDllNjMtMzkzYi00YWNiLThmYjQtMGE4NDcxOWE2YTc5&version=2.4.0-RC05&UID=To%20be%20released&ui_locales=en-US&x-client-SKU=ID_NET472&x-client-ver=6.25.1.0 (0)
[37656:9744:1212/105504.632:ERROR:google_apis\gcm\engine\registration_request.cc:292] Registration response error message: DEPRECATED_ENDPOINT
[37656:34184:1212/105507.338:INFO:CONSOLE:0] "Failed to decode downloaded font: https://homolog-v2-4-ncommand-lite.ionic.health/fonts/Template/fontawesome-webfont.woff2?v=4.3.0", source: https://homolog-v2-4-ncommand-lite.ionic.health/CommandCenter (0)
[37656:34184:1212/105507.338:INFO:CONSOLE:0] "OTS parsing error: invalid sfntVersion: 218762506", source: https://homolog-v2-4-ncommand-lite.ionic.health/CommandCenter (0)
[37656:34184:1212/105507.338:INFO:CONSOLE:0] "Failed to decode downloaded font: https://homolog-v2-4-ncommand-lite.ionic.health/fonts/Template/fontawesome-webfont.woff2?v=4.3.0", source: https://homolog-v2-4-ncommand-lite.ionic.health/CommandCenter (0)
[37656:34184:1212/105507.338:INFO:CONSOLE:0] "OTS parsing error: invalid sfntVersion: 218762506", source: https://homolog-v2-4-ncommand-lite.ionic.health/CommandCenter (0)
[37656:34184:1212/105507.338:INFO:CONSOLE:0] "Failed to decode downloaded font: https://homolog-v2-4-ncommand-lite.ionic.health/fonts/Template/fontawesome-webfont.woff2?v=4.3.0", source: https://homolog-v2-4-ncommand-lite.ionic.health/CommandCenter (0)
[37656:34184:1212/105507.338:INFO:CONSOLE:0] "OTS parsing error: invalid sfntVersion: 218762506", source: https://homolog-v2-4-ncommand-lite.ionic.health/CommandCenter (0)
[37656:34184:1212/105507.338:INFO:CONSOLE:0] "Failed to decode downloaded font: https://homolog-v2-4-ncommand-lite.ionic.health/fonts/Template/fontawesome-webfont.woff2?v=4.3.0", source: https://homolog-v2-4-ncommand-lite.ionic.health/CommandCenter (0)
[37656:34184:1212/105507.338:INFO:CONSOLE:0] "OTS parsing error: invalid sfntVersion: 218762506", source: https://homolog-v2-4-ncommand-lite.ionic.health/CommandCenter (0)
[37656:34184:1212/105507.396:INFO:CONSOLE:0] "Failed to decode downloaded font: https://homolog-v2-4-ncommand-lite.ionic.health/fonts/Template/fontawesome-webfont.woff?v=4.3.0", source: https://homolog-v2-4-ncommand-lite.ionic.health/CommandCenter (0)
[37656:34184:1212/105507.396:INFO:CONSOLE:0] "OTS parsing error: invalid sfntVersion: 218762506", source: https://homolog-v2-4-ncommand-lite.ionic.health/CommandCenter (0)
[37656:34184:1212/105507.396:INFO:CONSOLE:0] "Failed to decode downloaded font: https://homolog-v2-4-ncommand-lite.ionic.health/fonts/Template/fontawesome-webfont.woff?v=4.3.0", source: https://homolog-v2-4-ncommand-lite.ionic.health/CommandCenter (0)
[37656:34184:1212/105507.396:INFO:CONSOLE:0] "OTS parsing error: invalid sfntVersion: 218762506", source: https://homolog-v2-4-ncommand-lite.ionic.health/CommandCenter (0)
[37656:34184:1212/105507.396:INFO:CONSOLE:0] "Failed to decode downloaded font: https://homolog-v2-4-ncommand-lite.ionic.health/fonts/Template/fontawesome-webfont.woff?v=4.3.0", source: https://homolog-v2-4-ncommand-lite.ionic.health/CommandCenter (0)
[37656:34184:1212/105507.396:INFO:CONSOLE:0] "OTS parsing error: invalid sfntVersion: 218762506", source: https://homolog-v2-4-ncommand-lite.ionic.health/CommandCenter (0)
[37656:34184:1212/105507.396:INFO:CONSOLE:0] "Failed to decode downloaded font: https://homolog-v2-4-ncommand-lite.ionic.health/fonts/Template/fontawesome-webfont.woff?v=4.3.0", source: https://homolog-v2-4-ncommand-lite.ionic.health/CommandCenter (0)
[37656:34184:1212/105507.396:INFO:CONSOLE:0] "OTS parsing error: invalid sfntVersion: 218762506", source: https://homolog-v2-4-ncommand-lite.ionic.health/CommandCenter (0)
[37656:34184:1212/105507.672:INFO:CONSOLE:1603] "Failed to decode downloaded font: https://homolog-v2-4-ncommand-lite.ionic.health/fonts/Template/fontawesome-webfont.woff2?v=4.3.0", source: https://homolog-v2-4-ncommand-lite.ionic.health/CommandCenter (1603)
[37656:34184:1212/105507.672:INFO:CONSOLE:1603] "OTS parsing error: invalid sfntVersion: 218762506", source: https://homolog-v2-4-ncommand-lite.ionic.health/CommandCenter (1603)
[37656:34184:1212/105507.672:INFO:CONSOLE:1603] "Failed to decode downloaded font: https://homolog-v2-4-ncommand-lite.ionic.health/fonts/Template/fontawesome-webfont.woff?v=4.3.0", source: https://homolog-v2-4-ncommand-lite.ionic.health/CommandCenter (1603)
[37656:34184:1212/105507.672:INFO:CONSOLE:1603] "OTS parsing error: invalid sfntVersion: 218762506", source: https://homolog-v2-4-ncommand-lite.ionic.health/CommandCenter (1603)
[37656:34184:1212/105507.704:WARNING:chrome\browser\media\prefs\capture_device_ranking.h:255] Can't initialize the value of media.audio_input.user_preference_ranking because media.default_audio_capture_device isn't registered or is empty
[37656:34184:1212/105507.829:WARNING:chrome\browser\media\prefs\capture_device_ranking.h:255] Can't initialize the value of media.audio_input.user_preference_ranking because media.default_audio_capture_device isn't registered or is empty
[37656:34184:1212/105507.829:WARNING:chrome\browser\media\prefs\capture_device_ranking.h:255] Can't initialize the value of media.video_input.user_preference_ranking because media.default_video_capture_Device isn't registered or is empty
[37656:34184:1212/105508.439:INFO:CONSOLE:0] "Failed to decode downloaded font: https://homolog-v2-4-ncommand-lite.ionic.health/Content/fontawesome/webfonts/fa-solid-900.woff2", source: https://homolog-v2-4-ncommand-lite.ionic.health/CommandCenter (0)
[37656:34184:1212/105508.439:INFO:CONSOLE:0] "OTS parsing error: invalid sfntVersion: 218762506", source: https://homolog-v2-4-ncommand-lite.ionic.health/CommandCenter (0)
[37656:34184:1212/105508.439:INFO:CONSOLE:0] "Failed to decode downloaded font: https://homolog-v2-4-ncommand-lite.ionic.health/Content/fontawesome/webfonts/fa-solid-900.woff2", source: https://homolog-v2-4-ncommand-lite.ionic.health/CommandCenter (0)
[37656:34184:1212/105508.439:INFO:CONSOLE:0] "OTS parsing error: invalid sfntVersion: 218762506", source: https://homolog-v2-4-ncommand-lite.ionic.health/CommandCenter (0)
[37656:34184:1212/105508.439:INFO:CONSOLE:0] "Failed to decode downloaded font: https://homolog-v2-4-ncommand-lite.ionic.health/Content/fontawesome/webfonts/fa-solid-900.woff2", source: https://homolog-v2-4-ncommand-lite.ionic.health/CommandCenter (0)
[37656:34184:1212/105508.439:INFO:CONSOLE:0] "OTS parsing error: invalid sfntVersion: 218762506", source: https://homolog-v2-4-ncommand-lite.ionic.health/CommandCenter (0)
[37656:34184:1212/105508.439:INFO:CONSOLE:0] "Failed to decode downloaded font: https://homolog-v2-4-ncommand-lite.ionic.health/Content/fontawesome/webfonts/fa-solid-900.woff2", source: https://homolog-v2-4-ncommand-lite.ionic.health/CommandCenter (0)
[37656:34184:1212/105508.439:INFO:CONSOLE:0] "OTS parsing error: invalid sfntVersion: 218762506", source: https://homolog-v2-4-ncommand-lite.ionic.health/CommandCenter (0)
[37656:34184:1212/105508.439:INFO:CONSOLE:0] "Failed to decode downloaded font: https://homolog-v2-4-ncommand-lite.ionic.health/Content/fontawesome/webfonts/fa-solid-900.woff2", source: https://homolog-v2-4-ncommand-lite.ionic.health/CommandCenter (0)
[37656:34184:1212/105508.439:INFO:CONSOLE:0] "OTS parsing error: invalid sfntVersion: 218762506", source: https://homolog-v2-4-ncommand-lite.ionic.health/CommandCenter (0)
[37656:34184:1212/105508.439:INFO:CONSOLE:0] "Failed to decode downloaded font: https://homolog-v2-4-ncommand-lite.ionic.health/Content/fontawesome/webfonts/fa-solid-900.woff2", source: https://homolog-v2-4-ncommand-lite.ionic.health/CommandCenter (0)
[37656:34184:1212/105508.439:INFO:CONSOLE:0] "OTS parsing error: invalid sfntVersion: 218762506", source: https://homolog-v2-4-ncommand-lite.ionic.health/CommandCenter (0)
[37656:34184:1212/105509.869:INFO:CONSOLE:0] "Blocked attempt to show a 'beforeunload' confirmation panel for a frame that never had a user gesture since its load. https://www.chromestatus.com/feature/5082396709879808", source: https://homolog-v2-4-ncommand-lite.ionic.health/CommandCenter (0)
[37656:34184:1212/105510.158:INFO:CONSOLE:2304] "Erro ao desconectar do equipamento na hub", source: https://homolog-v2-4-ncommand-lite.ionic.health/bundles/Script/chat-contacts?v=kH8HH2jb_EB2MaxaHND0kvPSHMiDQY7GLZEBHy_HirM1 (2304)
[37656:34184:1212/105510.302:INFO:CONSOLE:0] "Failed to decode downloaded font: https://homolog-v2-4-ncommand-lite.ionic.health/fonts/Template/fontawesome-webfont.woff2?v=4.3.0", source: https://homolog-v2-4-ncommand-lite.ionic.health/CommandCenter (0)
[37656:34184:1212/105510.302:INFO:CONSOLE:0] "OTS parsing error: invalid sfntVersion: 218762506", source: https://homolog-v2-4-ncommand-lite.ionic.health/CommandCenter (0)
[37656:34184:1212/105510.302:INFO:CONSOLE:0] "Failed to decode downloaded font: https://homolog-v2-4-ncommand-lite.ionic.health/fonts/Template/fontawesome-webfont.woff2?v=4.3.0", source: https://homolog-v2-4-ncommand-lite.ionic.health/CommandCenter (0)
[37656:34184:1212/105510.302:INFO:CONSOLE:0] "OTS parsing error: invalid sfntVersion: 218762506", source: https://homolog-v2-4-ncommand-lite.ionic.health/CommandCenter (0)
[37656:34184:1212/105510.302:INFO:CONSOLE:0] "Failed to decode downloaded font: https://homolog-v2-4-ncommand-lite.ionic.health/fonts/Template/fontawesome-webfont.woff2?v=4.3.0", source: https://homolog-v2-4-ncommand-lite.ionic.health/CommandCenter (0)
[37656:34184:1212/105510.302:INFO:CONSOLE:0] "OTS parsing error: invalid sfntVersion: 218762506", source: https://homolog-v2-4-ncommand-lite.ionic.health/CommandCenter (0)
[37656:34184:1212/105510.302:INFO:CONSOLE:0] "Failed to decode downloaded font: https://homolog-v2-4-ncommand-lite.ionic.health/fonts/Template/fontawesome-webfont.woff2?v=4.3.0", source: https://homolog-v2-4-ncommand-lite.ionic.health/CommandCenter (0)
[37656:34184:1212/105510.302:INFO:CONSOLE:0] "OTS parsing error: invalid sfntVersion: 218762506", source: https://homolog-v2-4-ncommand-lite.ionic.health/CommandCenter (0)
[37656:34184:1212/105510.325:INFO:CONSOLE:1055] "Failed to decode downloaded font: https://homolog-v2-4-ncommand-lite.ionic.health/fonts/Template/fontawesome-webfont.woff?v=4.3.0", source: https://homolog-v2-4-ncommand-lite.ionic.health/CommandCenter (1055)
[37656:34184:1212/105510.325:INFO:CONSOLE:1055] "OTS parsing error: invalid sfntVersion: 218762506", source: https://homolog-v2-4-ncommand-lite.ionic.health/CommandCenter (1055)
[37656:34184:1212/105510.325:INFO:CONSOLE:1055] "Failed to decode downloaded font: https://homolog-v2-4-ncommand-lite.ionic.health/fonts/Template/fontawesome-webfont.woff?v=4.3.0", source: https://homolog-v2-4-ncommand-lite.ionic.health/CommandCenter (1055)
[37656:34184:1212/105510.325:INFO:CONSOLE:1055] "OTS parsing error: invalid sfntVersion: 218762506", source: https://homolog-v2-4-ncommand-lite.ionic.health/CommandCenter (1055)
[37656:34184:1212/105510.325:INFO:CONSOLE:1055] "Failed to decode downloaded font: https://homolog-v2-4-ncommand-lite.ionic.health/fonts/Template/fontawesome-webfont.woff?v=4.3.0", source: https://homolog-v2-4-ncommand-lite.ionic.health/CommandCenter (1055)
[37656:34184:1212/105510.325:INFO:CONSOLE:1055] "OTS parsing error: invalid sfntVersion: 218762506", source: https://homolog-v2-4-ncommand-lite.ionic.health/CommandCenter (1055)
[37656:34184:1212/105510.325:INFO:CONSOLE:1055] "Failed to decode downloaded font: https://homolog-v2-4-ncommand-lite.ionic.health/fonts/Template/fontawesome-webfont.woff?v=4.3.0", source: https://homolog-v2-4-ncommand-lite.ionic.health/CommandCenter (1055)
[37656:34184:1212/105510.325:INFO:CONSOLE:1055] "OTS parsing error: invalid sfntVersion: 218762506", source: https://homolog-v2-4-ncommand-lite.ionic.health/CommandCenter (1055)
[37656:34184:1212/105510.328:INFO:CONSOLE:0] "Failed to decode downloaded font: https://homolog-v2-4-ncommand-lite.ionic.health/Content/fontawesome/webfonts/fa-solid-900.woff2", source: https://homolog-v2-4-ncommand-lite.ionic.health/CommandCenter (0)
[37656:34184:1212/105510.328:INFO:CONSOLE:0] "OTS parsing error: invalid sfntVersion: 218762506", source: https://homolog-v2-4-ncommand-lite.ionic.health/CommandCenter (0)
[37656:34184:1212/105510.329:INFO:CONSOLE:0] "Failed to decode downloaded font: https://homolog-v2-4-ncommand-lite.ionic.health/Content/fontawesome/webfonts/fa-solid-900.woff2", source: https://homolog-v2-4-ncommand-lite.ionic.health/CommandCenter (0)
[37656:34184:1212/105510.329:INFO:CONSOLE:0] "OTS parsing error: invalid sfntVersion: 218762506", source: https://homolog-v2-4-ncommand-lite.ionic.health/CommandCenter (0)
[37656:34184:1212/105510.329:INFO:CONSOLE:0] "Failed to decode downloaded font: https://homolog-v2-4-ncommand-lite.ionic.health/Content/fontawesome/webfonts/fa-solid-900.woff2", source: https://homolog-v2-4-ncommand-lite.ionic.health/CommandCenter (0)
[37656:34184:1212/105510.329:INFO:CONSOLE:0] "OTS parsing error: invalid sfntVersion: 218762506", source: https://homolog-v2-4-ncommand-lite.ionic.health/CommandCenter (0)
[37656:34184:1212/105510.542:INFO:CONSOLE:1603] "Failed to decode downloaded font: https://homolog-v2-4-ncommand-lite.ionic.health/fonts/Template/fontawesome-webfont.woff2?v=4.3.0", source: https://homolog-v2-4-ncommand-lite.ionic.health/CommandCenter (1603)
[37656:34184:1212/105510.542:INFO:CONSOLE:1603] "OTS parsing error: invalid sfntVersion: 218762506", source: https://homolog-v2-4-ncommand-lite.ionic.health/CommandCenter (1603)
[37656:34184:1212/105510.542:INFO:CONSOLE:1603] "Failed to decode downloaded font: https://homolog-v2-4-ncommand-lite.ionic.health/fonts/Template/fontawesome-webfont.woff?v=4.3.0", source: https://homolog-v2-4-ncommand-lite.ionic.health/CommandCenter (1603)
[37656:34184:1212/105510.542:INFO:CONSOLE:1603] "OTS parsing error: invalid sfntVersion: 218762506", source: https://homolog-v2-4-ncommand-lite.ionic.health/CommandCenter (1603)
[37656:34184:1212/105510.542:WARNING:chrome\browser\media\prefs\capture_device_ranking.h:255] Can't initialize the value of media.audio_input.user_preference_ranking because media.default_audio_capture_device isn't registered or is empty
[37656:34184:1212/105510.542:WARNING:chrome\browser\media\prefs\capture_device_ranking.h:255] Can't initialize the value of media.video_input.user_preference_ranking because media.default_video_capture_Device isn't registered or is empty
[37656:34184:1212/105510.542:INFO:CONSOLE:1603] "Failed to decode downloaded font: https://homolog-v2-4-ncommand-lite.ionic.health/Content/fontawesome/webfonts/fa-solid-900.woff2", source: https://homolog-v2-4-ncommand-lite.ionic.health/CommandCenter (1603)
[37656:34184:1212/105510.542:INFO:CONSOLE:1603] "OTS parsing error: invalid sfntVersion: 218762506", source: https://homolog-v2-4-ncommand-lite.ionic.health/CommandCenter (1603)
[37656:34184:1212/105510.542:INFO:CONSOLE:1603] "Failed to decode downloaded font: https://homolog-v2-4-ncommand-lite.ionic.health/Content/fontawesome/webfonts/fa-solid-900.woff2", source: https://homolog-v2-4-ncommand-lite.ionic.health/CommandCenter (1603)
[37656:34184:1212/105510.542:INFO:CONSOLE:1603] "OTS parsing error: invalid sfntVersion: 218762506", source: https://homolog-v2-4-ncommand-lite.ionic.health/CommandCenter (1603)
[37656:34184:1212/105510.542:INFO:CONSOLE:1603] "Failed to decode downloaded font: https://homolog-v2-4-ncommand-lite.ionic.health/Content/fontawesome/webfonts/fa-solid-900.woff2", source: https://homolog-v2-4-ncommand-lite.ionic.health/CommandCenter (1603)
[37656:34184:1212/105510.542:INFO:CONSOLE:1603] "OTS parsing error: invalid sfntVersion: 218762506", source: https://homolog-v2-4-ncommand-lite.ionic.health/CommandCenter (1603)
[37656:34184:1212/105510.556:WARNING:chrome\browser\media\prefs\capture_device_ranking.h:255] Can't initialize the value of media.audio_input.user_preference_ranking because media.default_audio_capture_device isn't registered or is empty
[37656:9744:1212/105534.031:ERROR:google_apis\gcm\engine\registration_request.cc:292] Registration response error message: DEPRECATED_ENDPOINT
[38140:17084:1212/105620.721:INFO:third_party\webrtc\modules\audio_processing\agc2\adaptive_digital_gain_controller.cc:210] AGC2 adaptive digital | speech_dbfs: -40 | noise_dbfs: -83.6191 | headroom_db: 20 | gain_db: 0
[37656:9744:1212/105632.331:ERROR:google_apis\gcm\engine\registration_request.cc:292] Registration response error message: DEPRECATED_ENDPOINT
[12396:19384:1212/105801.393:ERROR:gpu\ipc\client\command_buffer_proxy_impl.cc:321] GPU state invalid after WaitForGetOffsetInRange.
